<?xml version="1.0" encoding="UTF-8"?>
<testng-results ignored="0" total="2" passed="1" failed="1" skipped="0">
  <reporter-output>
  </reporter-output>
  <suite started-at="2024-05-07T15:22:21 IST" name="Default suite" finished-at="2024-05-07T15:22:55 IST" duration-ms="33943">
    <groups>
      <group name="cucumber">
        <method signature="AbstractTestNGCucumberTests.runScenario(io.cucumber.testng.PickleWrapper,io.cucumber.testng.FeatureWrapper)[pri:0, instance:Runner.CucmberRunner@3c9754d8]" name="runScenario" class="io.cucumber.testng.AbstractTestNGCucumberTests"/>
      </group> <!-- cucumber -->
    </groups>
    <test started-at="2024-05-07T15:22:21 IST" name="Default test" finished-at="2024-05-07T15:22:55 IST" duration-ms="33943">
      <class name="Runner.CucmberRunner">
        <test-method is-config="true" signature="setUpClass(org.testng.ITestContext)[pri:0, instance:Runner.CucmberRunner@3c9754d8]" started-at="2024-05-07T15:22:21 IST" name="setUpClass" finished-at="2024-05-07T15:22:22 IST" duration-ms="931" status="PASS">
          <params>
            <param index="0">
              <value>
                <![CDATA[org.testng.TestRunner@411c6d44]]>
              </value>
            </param>
          </params>
          <reporter-output>
          </reporter-output>
        </test-method> <!-- setUpClass -->
        <test-method signature="runScenario(io.cucumber.testng.PickleWrapper,io.cucumber.testng.FeatureWrapper)[pri:0, instance:Runner.CucmberRunner@3c9754d8]" started-at="2024-05-07T15:22:22 IST" name="runScenario" description="Runs Cucumber Scenarios" data-provider="scenarios" finished-at="2024-05-07T15:22:35 IST" duration-ms="12346" status="PASS">
          <params>
            <param index="0">
              <value>
                <![CDATA["To Test the cards are 3 or not."]]>
              </value>
            </param>
            <param index="1">
              <value>
                <![CDATA["To Test the HomePage Functionality."]]>
              </value>
            </param>
          </params>
          <reporter-output>
          </reporter-output>
        </test-method> <!-- runScenario -->
        <test-method signature="runScenario(io.cucumber.testng.PickleWrapper,io.cucumber.testng.FeatureWrapper)[pri:0, instance:Runner.CucmberRunner@3c9754d8]" started-at="2024-05-07T15:22:35 IST" name="runScenario" description="Runs Cucumber Scenarios" data-provider="scenarios" finished-at="2024-05-07T15:22:52 IST" duration-ms="17457" status="FAIL">
          <params>
            <param index="0">
              <value>
                <![CDATA["To Test the redirection of the sliders is it possible or not"]]>
              </value>
            </param>
            <param index="1">
              <value>
                <![CDATA["To Test the HomePage Functionality."]]>
              </value>
            </param>
          </params>
          <exception class="java.lang.AssertionError">
            <message>
              <![CDATA[expected [tommy] but found [tom]]]>
            </message>
            <full-stacktrace>
              <![CDATA[java.lang.AssertionError: expected [tommy] but found [tom]
at org.testng.Assert.fail(Assert.java:111)
at org.testng.Assert.failNotEquals(Assert.java:1578)
at org.testng.Assert.assertEqualsImpl(Assert.java:150)
at org.testng.Assert.assertEquals(Assert.java:132)
at org.testng.Assert.assertEquals(Assert.java:656)
at org.testng.Assert.assertEquals(Assert.java:666)
at StepDefinations.HomePageSteoDefinations.check_the_redirection_of_the_sliders_each_with_build(HomePageSteoDefinations.java:77)
at âœ½.check the redirection of the sliders each with build(file:///C:/Users/UjjwalShrivastava/git/PracticeCucumber/AutomationCumberPractice/src/main/resources/FeatureFiles/HomePage.feature:11)
]]>
            </full-stacktrace>
          </exception> <!-- java.lang.AssertionError -->
          <reporter-output>
          </reporter-output>
        </test-method> <!-- runScenario -->
        <test-method is-config="true" signature="tearDownClass()[pri:0, instance:Runner.CucmberRunner@3c9754d8]" started-at="2024-05-07T15:22:52 IST" name="tearDownClass" finished-at="2024-05-07T15:22:55 IST" duration-ms="3115" status="PASS">
          <reporter-output>
          </reporter-output>
        </test-method> <!-- tearDownClass -->
      </class> <!-- Runner.CucmberRunner -->
    </test> <!-- Default test -->
  </suite> <!-- Default suite -->
</testng-results>
