<?xml version="1.0" encoding="UTF-8"?>
<!-- Generated by org.testng.reporters.JUnitReportReporter -->
<testsuite hostname="LP95" failures="1" tests="2" name="Runner.CucmberRunner" time="29.803" errors="0" timestamp="2024-05-07T15:22:56 IST" skipped="0">
  <testcase classname="Runner.CucmberRunner" name="runScenario" time="17.457">
    <failure message="expected [tommy] but found [tom]" type="java.lang.AssertionError">
      <![CDATA[java.lang.AssertionError: expected [tommy] but found [tom]
at org.testng.Assert.fail(Assert.java:111)
at org.testng.Assert.failNotEquals(Assert.java:1578)
at org.testng.Assert.assertEqualsImpl(Assert.java:150)
at org.testng.Assert.assertEquals(Assert.java:132)
at org.testng.Assert.assertEquals(Assert.java:656)
at org.testng.Assert.assertEquals(Assert.java:666)
at StepDefinations.HomePageSteoDefinations.check_the_redirection_of_the_sliders_each_with_build(HomePageSteoDefinations.java:77)
at âœ½.check the redirection of the sliders each with build(file:///C:/Users/UjjwalShrivastava/git/PracticeCucumber/AutomationCumberPractice/src/main/resources/FeatureFiles/HomePage.feature:11)
]]>
    </failure>
  </testcase> <!-- runScenario -->
  <testcase classname="Runner.CucmberRunner" name="runScenario" time="12.346"/>
</testsuite> <!-- Runner.CucmberRunner -->
