<?xml version="1.0" encoding="UTF-8"?>
<!-- Generated by org.testng.reporters.JUnitXMLReporter -->
<testsuite ignored="0" hostname="LP95" failures="1" tests="2" name="Default test" time="36.199" errors="0" timestamp="2024-04-08T15:42:28 IST">
  <testcase classname="io.cucumber.testng.AbstractTestNGCucumberTests" name="runScenario" time="13.247"/>
  <testcase classname="io.cucumber.testng.AbstractTestNGCucumberTests" name="runScenario" time="16.173">
    <failure type="java.lang.AssertionError" message="expected [tommy] but found [tom]">
      <![CDATA[java.lang.AssertionError: expected [tommy] but found [tom]
at org.testng.Assert.fail(Assert.java:111)
at org.testng.Assert.failNotEquals(Assert.java:1578)
at org.testng.Assert.assertEqualsImpl(Assert.java:150)
at org.testng.Assert.assertEquals(Assert.java:132)
at org.testng.Assert.assertEquals(Assert.java:656)
at org.testng.Assert.assertEquals(Assert.java:666)
at StepDefinations.HomePageSteoDefinations.check_the_redirection_of_the_sliders_each_with_build(HomePageSteoDefinations.java:71)
at âœ½.check the redirection of the sliders each with build(file:///C:/Users/UjjwalShrivastava/git/PracticeCucumber/AutomationCumberPractice/src/main/resources/FeatureFiles/HomePage.feature:12)
]]>
    </failure>
  </testcase> <!-- runScenario -->
</testsuite> <!-- Default test -->
